0 info it worked if it ends with ok
1 verbose cli [ '/src/devenv/node-v6.9.5-darwin-x64/bin/node',
1 verbose cli   '/src/devenv/node-v6.9.5-darwin-x64/bin/npm',
1 verbose cli   'start' ]
2 info using npm@3.10.10
3 info using node@v6.9.5
4 verbose run-script [ 'prestart', 'start', 'poststart' ]
5 info lifecycle popshop@1.0.0~prestart: popshop@1.0.0
6 silly lifecycle popshop@1.0.0~prestart: no script for prestart, continuing
7 info lifecycle popshop@1.0.0~start: popshop@1.0.0
8 verbose lifecycle popshop@1.0.0~start: unsafe-perm in lifecycle true
9 verbose lifecycle popshop@1.0.0~start: PATH: /src/devenv/node-v6.9.5-darwin-x64/lib/node_modules/npm/bin/node-gyp-bin:/Users/rachelyankelevitz/Desktop/popshop/node_modules/.bin:/src/devenv/venv/bin:/src/devenv:/src/devenv/google-cloud-sdk/bin:/src/devenv/node-v6.9.5-darwin-x64/bin:/src/devenv/go/bin:/src/devenv/gopath/bin:/src/devenv/venv/bin:/src/devenv/mysql-connector-c-6.1.9-macos10.12-x86_64/bin:/src/devenv/yarn-v1.2.1/bin:/usr/local/bin:/usr/bin:/bin:/usr/sbin:/sbin
10 verbose lifecycle popshop@1.0.0~start: CWD: /Users/rachelyankelevitz/Desktop/popshop
11 silly lifecycle popshop@1.0.0~start: Args: [ '-c', 'node server.js' ]
12 silly lifecycle popshop@1.0.0~start: Returned: code: 1  signal: null
13 info lifecycle popshop@1.0.0~start: Failed to exec start script
14 verbose stack Error: popshop@1.0.0 start: `node server.js`
14 verbose stack Exit status 1
14 verbose stack     at EventEmitter.<anonymous> (/src/devenv/node-v6.9.5-darwin-x64/lib/node_modules/npm/lib/utils/lifecycle.js:255:16)
14 verbose stack     at emitTwo (events.js:106:13)
14 verbose stack     at EventEmitter.emit (events.js:191:7)
14 verbose stack     at ChildProcess.<anonymous> (/src/devenv/node-v6.9.5-darwin-x64/lib/node_modules/npm/lib/utils/spawn.js:40:14)
14 verbose stack     at emitTwo (events.js:106:13)
14 verbose stack     at ChildProcess.emit (events.js:191:7)
14 verbose stack     at maybeClose (internal/child_process.js:877:16)
14 verbose stack     at Process.ChildProcess._handle.onexit (internal/child_process.js:226:5)
15 verbose pkgid popshop@1.0.0
16 verbose cwd /Users/rachelyankelevitz/Desktop/popshop
17 error Darwin 17.2.0
18 error argv "/src/devenv/node-v6.9.5-darwin-x64/bin/node" "/src/devenv/node-v6.9.5-darwin-x64/bin/npm" "start"
19 error node v6.9.5
20 error npm  v3.10.10
21 error code ELIFECYCLE
22 error popshop@1.0.0 start: `node server.js`
22 error Exit status 1
23 error Failed at the popshop@1.0.0 start script 'node server.js'.
23 error Make sure you have the latest version of node.js and npm installed.
23 error If you do, this is most likely a problem with the popshop package,
23 error not with npm itself.
23 error Tell the author that this fails on your system:
23 error     node server.js
23 error You can get information on how to open an issue for this project with:
23 error     npm bugs popshop
23 error Or if that isn't available, you can get their info via:
23 error     npm owner ls popshop
23 error There is likely additional logging output above.
24 verbose exit [ 1, true ]
